<?xml version="1.0" encoding="UTF-8"?>
<testng-results skipped="0" failed="0" total="1" passed="1">
  <reporter-output>
  </reporter-output>
  <suite name="Default suite" duration-ms="11762" started-at="2022-04-12T08:35:06Z" finished-at="2022-04-12T08:35:18Z">
    <groups>
    </groups>
    <test name="Default test" duration-ms="11762" started-at="2022-04-12T08:35:06Z" finished-at="2022-04-12T08:35:18Z">
      <class name="pom.VerifyLogin">
        <test-method status="PASS" signature="TestUser()[pri:0, instance:pom.VerifyLogin@71e7a66b]" name="TestUser" duration-ms="11742" started-at="2022-04-12T14:05:06Z" finished-at="2022-04-12T14:05:18Z">
          <reporter-output>
          </reporter-output>
        </test-method> <!-- TestUser -->
      </class> <!-- pom.VerifyLogin -->
    </test> <!-- Default test -->
  </suite> <!-- Default suite -->
</testng-results>
